<?xml version="1.0" encoding="UTF-8"?>
<testng-results skipped="0" failed="0" ignored="0" total="1" passed="1">
  <reporter-output>
  </reporter-output>
  <suite name="Suite" duration-ms="32701" started-at="2023-06-06T16:20:27 IST" finished-at="2023-06-06T16:21:00 IST">
    <groups>
      <group name="cucumber">
        <method signature="AbstractTestNGCucumberTests.runScenario(io.cucumber.testng.PickleWrapper,io.cucumber.testng.FeatureWrapper)[pri:0, instance:tests.Runner1@43bd930a]" name="runScenario" class="io.cucumber.testng.AbstractTestNGCucumberTests"/>
      </group> <!-- cucumber -->
    </groups>
    <test name="Test" duration-ms="32701" started-at="2023-06-06T16:20:27 IST" finished-at="2023-06-06T16:21:00 IST">
      <class name="tests.Runner1">
        <test-method status="PASS" signature="setUpClass(org.testng.ITestContext)[pri:0, instance:tests.Runner1@43bd930a]" name="setUpClass" is-config="true" duration-ms="1094" started-at="2023-06-06T16:20:27 IST" finished-at="2023-06-06T16:20:29 IST">
          <params>
            <param index="0">
              <value>
                <![CDATA[org.testng.TestRunner@76c548f]]>
              </value>
            </param>
          </params>
          <reporter-output>
          </reporter-output>
        </test-method> <!-- setUpClass -->
        <test-method status="PASS" signature="runScenario(io.cucumber.testng.PickleWrapper,io.cucumber.testng.FeatureWrapper)[pri:0, instance:tests.Runner1@43bd930a]" name="runScenario" duration-ms="31410" started-at="2023-06-06T16:20:29 IST" description="Runs Cucumber Scenarios" data-provider="scenarios" finished-at="2023-06-06T16:21:00 IST">
          <params>
            <param index="0">
              <value>
                <![CDATA["sample test"]]>
              </value>
            </param>
            <param index="1">
              <value>
                <![CDATA["To test healthcare"]]>
              </value>
            </param>
          </params>
          <reporter-output>
          </reporter-output>
        </test-method> <!-- runScenario -->
        <test-method status="PASS" signature="tearDownClass()[pri:0, instance:tests.Runner1@43bd930a]" name="tearDownClass" is-config="true" duration-ms="118" started-at="2023-06-06T16:21:00 IST" finished-at="2023-06-06T16:21:00 IST">
          <reporter-output>
          </reporter-output>
        </test-method> <!-- tearDownClass -->
      </class> <!-- tests.Runner1 -->
    </test> <!-- Test -->
  </suite> <!-- Suite -->
</testng-results>
